<?xml version="1.0" encoding="UTF-8"?>
<testng-results ignored="0" total="5" passed="5" failed="0" skipped="0">
  <reporter-output>
  </reporter-output>
  <suite started-at="2024-02-13T14:27:31 IST" name="Surefire suite" finished-at="2024-02-13T14:27:31 IST" duration-ms="47">
    <groups>
    </groups>
    <test started-at="2024-02-13T14:27:31 IST" name="Surefire test" finished-at="2024-02-13T14:27:31 IST" duration-ms="47">
      <class name="ta.lab.AppTest">
        <test-method signature="testCalculateRenumeration(double,double,double)[pri:0, instance:ta.lab.AppTest@7ff2a664]" started-at="2024-02-13T14:27:31 IST" name="testCalculateRenumeration" data-provider="renumerationData" finished-at="2024-02-13T14:27:31 IST" duration-ms="0" status="PASS">
          <params>
            <param index="0">
              <value>
                <![CDATA[5000]]>
              </value>
            </param>
            <param index="1">
              <value>
                <![CDATA[1000]]>
              </value>
            </param>
            <param index="2">
              <value>
                <![CDATA[1000]]>
              </value>
            </param>
          </params>
          <reporter-output>
          </reporter-output>
        </test-method> <!-- testCalculateRenumeration -->
        <test-method signature="testCalculateRenumeration(double,double,double)[pri:0, instance:ta.lab.AppTest@7ff2a664]" started-at="2024-02-13T14:27:31 IST" name="testCalculateRenumeration" data-provider="renumerationData" finished-at="2024-02-13T14:27:31 IST" duration-ms="0" status="PASS">
          <params>
            <param index="0">
              <value>
                <![CDATA[10000]]>
              </value>
            </param>
            <param index="1">
              <value>
                <![CDATA[1000]]>
              </value>
            </param>
            <param index="2">
              <value>
                <![CDATA[1600]]>
              </value>
            </param>
          </params>
          <reporter-output>
          </reporter-output>
        </test-method> <!-- testCalculateRenumeration -->
        <test-method signature="testCalculateRenumeration(double,double,double)[pri:0, instance:ta.lab.AppTest@7ff2a664]" started-at="2024-02-13T14:27:31 IST" name="testCalculateRenumeration" data-provider="renumerationData" finished-at="2024-02-13T14:27:31 IST" duration-ms="0" status="PASS">
          <params>
            <param index="0">
              <value>
                <![CDATA[4000]]>
              </value>
            </param>
            <param index="1">
              <value>
                <![CDATA[1000]]>
              </value>
            </param>
            <param index="2">
              <value>
                <![CDATA[1000]]>
              </value>
            </param>
          </params>
          <reporter-output>
          </reporter-output>
        </test-method> <!-- testCalculateRenumeration -->
        <test-method signature="testCalculateRenumeration(double,double,double)[pri:0, instance:ta.lab.AppTest@7ff2a664]" started-at="2024-02-13T14:27:31 IST" name="testCalculateRenumeration" data-provider="renumerationData" finished-at="2024-02-13T14:27:31 IST" duration-ms="0" status="PASS">
          <params>
            <param index="0">
              <value>
                <![CDATA[0]]>
              </value>
            </param>
            <param index="1">
              <value>
                <![CDATA[1000]]>
              </value>
            </param>
            <param index="2">
              <value>
                <![CDATA[1000]]>
              </value>
            </param>
          </params>
          <reporter-output>
          </reporter-output>
        </test-method> <!-- testCalculateRenumeration -->
        <test-method signature="testCalculateRenumeration(double,double,double)[pri:0, instance:ta.lab.AppTest@7ff2a664]" started-at="2024-02-13T14:27:31 IST" name="testCalculateRenumeration" data-provider="renumerationData" finished-at="2024-02-13T14:27:31 IST" duration-ms="0" status="PASS">
          <params>
            <param index="0">
              <value>
                <![CDATA[6000]]>
              </value>
            </param>
            <param index="1">
              <value>
                <![CDATA[1000]]>
              </value>
            </param>
            <param index="2">
              <value>
                <![CDATA[1120]]>
              </value>
            </param>
          </params>
          <reporter-output>
          </reporter-output>
        </test-method> <!-- testCalculateRenumeration -->
      </class> <!-- ta.lab.AppTest -->
    </test> <!-- Surefire test -->
  </suite> <!-- Surefire suite -->
</testng-results>
