<?xml version="1.0" encoding="UTF-8"?>
<!-- Generated by org.testng.reporters.JUnitXMLReporter -->
<testsuite ignored="0" hostname="Yami" failures="0" tests="5" name="Surefire test" time="0.047" errors="0" timestamp="2024-02-13T14:27:31 IST">
  <testcase classname="ta.lab.AppTest" name="testCalculateRenumeration" time="0.0"/>
  <testcase classname="ta.lab.AppTest" name="testCalculateRenumeration" time="0.0"/>
  <testcase classname="ta.lab.AppTest" name="testCalculateRenumeration" time="0.0"/>
  <testcase classname="ta.lab.AppTest" name="testCalculateRenumeration" time="0.0"/>
  <testcase classname="ta.lab.AppTest" name="testCalculateRenumeration" time="0.0"/>
</testsuite> <!-- Surefire test -->
